<?xml version="1.0" encoding="UTF-8"?>
<testsuite name="com.campaign.assignment.util.CampaignUtilTest" tests="2" skipped="0" failures="0" errors="0" timestamp="2021-02-26T10:12:50" hostname="Bassems-MBP.lan" time="0.429">
  <properties/>
  <testcase name="test the distrbution" classname="com.campaign.assignment.util.CampaignUtilTest" time="0.425"/>
  <testcase name="should get the right campaign name when call process with a line from input.txt" classname="com.campaign.assignment.util.CampaignUtilTest" time="0.003"/>
  <system-out><![CDATA[04:12:46.226 [Test worker] DEBUG org.springframework.test.context.BootstrapUtils - Instantiating CacheAwareContextLoaderDelegate from class [org.springframework.test.context.cache.DefaultCacheAwareContextLoaderDelegate]
04:12:46.236 [Test worker] DEBUG org.springframework.test.context.BootstrapUtils - Instantiating BootstrapContext using constructor [public org.springframework.test.context.support.DefaultBootstrapContext(java.lang.Class,org.springframework.test.context.CacheAwareContextLoaderDelegate)]
04:12:46.263 [Test worker] DEBUG org.springframework.test.context.BootstrapUtils - Instantiating TestContextBootstrapper for test class [com.campaign.assignment.util.CampaignUtilTest] from class [org.springframework.boot.test.context.SpringBootTestContextBootstrapper]
04:12:46.273 [Test worker] INFO org.springframework.boot.test.context.SpringBootTestContextBootstrapper - Neither @ContextConfiguration nor @ContextHierarchy found for test class [com.campaign.assignment.util.CampaignUtilTest], using SpringBootContextLoader
04:12:46.276 [Test worker] DEBUG org.springframework.test.context.support.AbstractContextLoader - Did not detect default resource location for test class [com.campaign.assignment.util.CampaignUtilTest]: class path resource [com/campaign/assignment/util/CampaignUtilTest-context.xml] does not exist
04:12:46.277 [Test worker] DEBUG org.springframework.test.context.support.AbstractContextLoader - Did not detect default resource location for test class [com.campaign.assignment.util.CampaignUtilTest]: class path resource [com/campaign/assignment/util/CampaignUtilTestContext.groovy] does not exist
04:12:46.277 [Test worker] INFO org.springframework.test.context.support.AbstractContextLoader - Could not detect default resource locations for test class [com.campaign.assignment.util.CampaignUtilTest]: no resource found for suffixes {-context.xml, Context.groovy}.
04:12:46.277 [Test worker] INFO org.springframework.test.context.support.AnnotationConfigContextLoaderUtils - Could not detect default configuration classes for test class [com.campaign.assignment.util.CampaignUtilTest]: CampaignUtilTest does not declare any static, non-private, non-final, nested classes annotated with @Configuration.
04:12:46.347 [Test worker] DEBUG org.springframework.test.context.support.ActiveProfilesUtils - Could not find an 'annotation declaring class' for annotation type [org.springframework.test.context.ActiveProfiles] and class [com.campaign.assignment.util.CampaignUtilTest]
04:12:46.396 [Test worker] DEBUG org.springframework.context.annotation.ClassPathScanningCandidateComponentProvider - Identified candidate component class: file [/Users/bassemelsawy/Documents/campaignAssignment/build/classes/java/main/com/campaign/assignment/AssignmentApplication.class]
04:12:46.397 [Test worker] INFO org.springframework.boot.test.context.SpringBootTestContextBootstrapper - Found @SpringBootConfiguration com.campaign.assignment.AssignmentApplication for test class com.campaign.assignment.util.CampaignUtilTest
04:12:46.470 [Test worker] DEBUG org.springframework.boot.test.context.SpringBootTestContextBootstrapper - @TestExecutionListeners is not present for class [com.campaign.assignment.util.CampaignUtilTest]: using defaults.
04:12:46.470 [Test worker] INFO org.springframework.boot.test.context.SpringBootTestContextBootstrapper - Loaded default TestExecutionListener class names from location [META-INF/spring.factories]: [org.springframework.boot.test.autoconfigure.restdocs.RestDocsTestExecutionListener, org.springframework.boot.test.autoconfigure.web.client.MockRestServiceServerResetTestExecutionListener, org.springframework.boot.test.autoconfigure.web.servlet.MockMvcPrintOnlyOnFailureTestExecutionListener, org.springframework.boot.test.autoconfigure.web.servlet.WebDriverTestExecutionListener, org.springframework.boot.test.autoconfigure.webservices.client.MockWebServiceServerTestExecutionListener, org.springframework.boot.test.mock.mockito.MockitoTestExecutionListener, org.springframework.boot.test.mock.mockito.ResetMocksTestExecutionListener, org.springframework.test.context.web.ServletTestExecutionListener, org.springframework.test.context.support.DirtiesContextBeforeModesTestExecutionListener, org.springframework.test.context.event.ApplicationEventsTestExecutionListener, org.springframework.test.context.support.DependencyInjectionTestExecutionListener, org.springframework.test.context.support.DirtiesContextTestExecutionListener, org.springframework.test.context.transaction.TransactionalTestExecutionListener, org.springframework.test.context.jdbc.SqlScriptsTestExecutionListener, org.springframework.test.context.event.EventPublishingTestExecutionListener]
04:12:46.494 [Test worker] INFO org.springframework.boot.test.context.SpringBootTestContextBootstrapper - Using TestExecutionListeners: [org.springframework.test.context.web.ServletTestExecutionListener@26d0571c, org.springframework.test.context.support.DirtiesContextBeforeModesTestExecutionListener@97b5136, org.springframework.test.context.event.ApplicationEventsTestExecutionListener@4e84eac2, org.springframework.boot.test.mock.mockito.MockitoTestExecutionListener@2448991f, org.springframework.boot.test.autoconfigure.SpringBootDependencyInjectionTestExecutionListener@84423d, org.springframework.test.context.support.DirtiesContextTestExecutionListener@53a541fa, org.springframework.test.context.transaction.TransactionalTestExecutionListener@3a1e63b6, org.springframework.test.context.jdbc.SqlScriptsTestExecutionListener@5afe858b, org.springframework.test.context.event.EventPublishingTestExecutionListener@78c9b143, org.springframework.boot.test.autoconfigure.restdocs.RestDocsTestExecutionListener@11a9531, org.springframework.boot.test.autoconfigure.web.client.MockRestServiceServerResetTestExecutionListener@48d05577, org.springframework.boot.test.autoconfigure.web.servlet.MockMvcPrintOnlyOnFailureTestExecutionListener@66ac533b, org.springframework.boot.test.autoconfigure.web.servlet.WebDriverTestExecutionListener@535aa504, org.springframework.boot.test.autoconfigure.webservices.client.MockWebServiceServerTestExecutionListener@6bc0143, org.springframework.boot.test.mock.mockito.ResetMocksTestExecutionListener@4c0d970e]
04:12:46.503 [Test worker] DEBUG org.springframework.test.context.support.AbstractDirtiesContextTestExecutionListener - Before test class: context [DefaultTestContext@51acad56 testClass = CampaignUtilTest, testInstance = [null], testMethod = [null], testException = [null], mergedContextConfiguration = [WebMergedContextConfiguration@2b9c8d0e testClass = CampaignUtilTest, locations = '{}', classes = '{class com.campaign.assignment.AssignmentApplication}', contextInitializerClasses = '[]', activeProfiles = '{}', propertySourceLocations = '{}', propertySourceProperties = '{org.springframework.boot.test.context.SpringBootTestContextBootstrapper=true}', contextCustomizers = set[org.springframework.boot.test.autoconfigure.actuate.metrics.MetricsExportContextCustomizerFactory$DisableMetricExportContextCustomizer@3b584ea0, org.springframework.boot.test.autoconfigure.properties.PropertyMappingContextCustomizer@0, org.springframework.boot.test.autoconfigure.web.servlet.WebDriverContextCustomizerFactory$Customizer@2caf9f12, org.springframework.boot.test.context.filter.ExcludeFilterContextCustomizer@267774e3, org.springframework.boot.test.json.DuplicateJsonObjectContextCustomizerFactory$DuplicateJsonObjectContextCustomizer@442fcc44, org.springframework.boot.test.mock.mockito.MockitoContextCustomizer@0, org.springframework.boot.test.web.client.TestRestTemplateContextCustomizer@2cb6aa9a, org.springframework.boot.test.context.SpringBootTestArgs@1, org.springframework.boot.test.context.SpringBootTestWebEnvironment@7f91e2fb], resourceBasePath = 'src/main/webapp', contextLoader = 'org.springframework.boot.test.context.SpringBootContextLoader', parent = [null]], attributes = map['org.springframework.test.context.web.ServletTestExecutionListener.activateListener' -> true]], class annotated with @DirtiesContext [false] with mode [null].
04:12:46.529 [Test worker] DEBUG org.springframework.test.context.support.TestPropertySourceUtils - Adding inlined properties to environment: {spring.jmx.enabled=false, org.springframework.boot.test.context.SpringBootTestContextBootstrapper=true}

  .   ____          _            __ _ _
 /\\ / ___'_ __ _ _(_)_ __  __ _ \ \ \ \
( ( )\___ | '_ | '_| | '_ \/ _` | \ \ \ \
 \\/  ___)| |_)| | | | | || (_| |  ) ) ) )
  '  |____| .__|_| |_|_| |_\__, | / / / /
 =========|_|==============|___/=/_/_/_/
 :: Spring Boot ::                (v2.4.3)

2021-02-26 04:12:46.763  INFO 41745 --- [    Test worker] c.c.assignment.util.CampaignUtilTest     : Starting CampaignUtilTest using Java 13.0.2 on Bassems-MBP.lan with PID 41745 (started by bassemelsawy in /Users/bassemelsawy/Documents/campaignAssignment)
2021-02-26 04:12:46.766  INFO 41745 --- [    Test worker] c.c.assignment.util.CampaignUtilTest     : No active profile set, falling back to default profiles: default
2021-02-26 04:12:48.146  INFO 41745 --- [    Test worker] o.s.s.concurrent.ThreadPoolTaskExecutor  : Initializing ExecutorService 'applicationTaskExecutor'
2021-02-26 04:12:48.339  INFO 41745 --- [    Test worker] com.zaxxer.hikari.HikariDataSource       : HikariPool-1 - Starting...
2021-02-26 04:12:48.466  INFO 41745 --- [    Test worker] com.zaxxer.hikari.HikariDataSource       : HikariPool-1 - Start completed.
2021-02-26 04:12:48.532  INFO 41745 --- [    Test worker] o.s.b.c.r.s.JobRepositoryFactoryBean     : No database type set, using meta data indicating: H2
2021-02-26 04:12:48.548  INFO 41745 --- [    Test worker] o.s.b.c.l.support.SimpleJobLauncher      : No TaskExecutor has been set, defaulting to synchronous executor.
2021-02-26 04:12:48.661  INFO 41745 --- [    Test worker] c.c.assignment.util.CampaignUtilTest     : Started CampaignUtilTest in 2.125 seconds (JVM running for 3.501)
2021-02-26 04:12:48.663  INFO 41745 --- [    Test worker] o.s.b.a.b.JobLauncherApplicationRunner   : Running default command line with: []
2021-02-26 04:12:48.712  INFO 41745 --- [    Test worker] o.s.b.c.l.support.SimpleJobLauncher      : Job: [FlowJob: [name=importUserJob]] launched with the following parameters: [{run.id=1}]
2021-02-26 04:12:48.735  INFO 41745 --- [    Test worker] o.s.batch.core.job.SimpleStepHandler     : Executing step: [lineProcessingStep]
2021-02-26 04:12:50.400  INFO 41745 --- [    Test worker] o.s.batch.core.step.AbstractStep         : Step: [lineProcessingStep] executed in 1s665ms
2021-02-26 04:12:50.405  INFO 41745 --- [    Test worker] o.s.b.c.l.support.SimpleJobLauncher      : Job: [FlowJob: [name=importUserJob]] completed with the following parameters: [{run.id=1}] and the following status: [COMPLETED] in 1s678ms
]]></system-out>
  <system-err><![CDATA[]]></system-err>
</testsuite>
