<?xml version="1.0" encoding="UTF-8"?>
<testsuite name="com.campaign.assignment.AssignmentApplicationTests" tests="1" skipped="0" failures="0" errors="0" timestamp="2021-02-26T04:08:51" hostname="Bassems-MBP.lan" time="0.356">
  <properties/>
  <testcase name="contextLoads()" classname="com.campaign.assignment.AssignmentApplicationTests" time="0.356"/>
  <system-out><![CDATA[22:08:48.670 [Test worker] DEBUG org.springframework.test.context.BootstrapUtils - Instantiating CacheAwareContextLoaderDelegate from class [org.springframework.test.context.cache.DefaultCacheAwareContextLoaderDelegate]
22:08:48.682 [Test worker] DEBUG org.springframework.test.context.BootstrapUtils - Instantiating BootstrapContext using constructor [public org.springframework.test.context.support.DefaultBootstrapContext(java.lang.Class,org.springframework.test.context.CacheAwareContextLoaderDelegate)]
22:08:48.729 [Test worker] DEBUG org.springframework.test.context.BootstrapUtils - Instantiating TestContextBootstrapper for test class [com.campaign.assignment.AssignmentApplicationTests] from class [org.springframework.boot.test.context.SpringBootTestContextBootstrapper]
22:08:48.742 [Test worker] INFO org.springframework.boot.test.context.SpringBootTestContextBootstrapper - Neither @ContextConfiguration nor @ContextHierarchy found for test class [com.campaign.assignment.AssignmentApplicationTests], using SpringBootContextLoader
22:08:48.746 [Test worker] DEBUG org.springframework.test.context.support.AbstractContextLoader - Did not detect default resource location for test class [com.campaign.assignment.AssignmentApplicationTests]: class path resource [com/campaign/assignment/AssignmentApplicationTests-context.xml] does not exist
22:08:48.746 [Test worker] DEBUG org.springframework.test.context.support.AbstractContextLoader - Did not detect default resource location for test class [com.campaign.assignment.AssignmentApplicationTests]: class path resource [com/campaign/assignment/AssignmentApplicationTestsContext.groovy] does not exist
22:08:48.747 [Test worker] INFO org.springframework.test.context.support.AbstractContextLoader - Could not detect default resource locations for test class [com.campaign.assignment.AssignmentApplicationTests]: no resource found for suffixes {-context.xml, Context.groovy}.
22:08:48.747 [Test worker] INFO org.springframework.test.context.support.AnnotationConfigContextLoaderUtils - Could not detect default configuration classes for test class [com.campaign.assignment.AssignmentApplicationTests]: AssignmentApplicationTests does not declare any static, non-private, non-final, nested classes annotated with @Configuration.
22:08:48.816 [Test worker] DEBUG org.springframework.test.context.support.ActiveProfilesUtils - Could not find an 'annotation declaring class' for annotation type [org.springframework.test.context.ActiveProfiles] and class [com.campaign.assignment.AssignmentApplicationTests]
22:08:48.864 [Test worker] DEBUG org.springframework.context.annotation.ClassPathScanningCandidateComponentProvider - Identified candidate component class: file [/Users/bassemelsawy/Documents/campaignAssignment/build/classes/java/main/com/campaign/assignment/AssignmentApplication.class]
22:08:48.869 [Test worker] INFO org.springframework.boot.test.context.SpringBootTestContextBootstrapper - Found @SpringBootConfiguration com.campaign.assignment.AssignmentApplication for test class com.campaign.assignment.AssignmentApplicationTests
22:08:48.961 [Test worker] DEBUG org.springframework.boot.test.context.SpringBootTestContextBootstrapper - @TestExecutionListeners is not present for class [com.campaign.assignment.AssignmentApplicationTests]: using defaults.
22:08:48.963 [Test worker] INFO org.springframework.boot.test.context.SpringBootTestContextBootstrapper - Loaded default TestExecutionListener class names from location [META-INF/spring.factories]: [org.springframework.boot.test.autoconfigure.restdocs.RestDocsTestExecutionListener, org.springframework.boot.test.autoconfigure.web.client.MockRestServiceServerResetTestExecutionListener, org.springframework.boot.test.autoconfigure.web.servlet.MockMvcPrintOnlyOnFailureTestExecutionListener, org.springframework.boot.test.autoconfigure.web.servlet.WebDriverTestExecutionListener, org.springframework.boot.test.autoconfigure.webservices.client.MockWebServiceServerTestExecutionListener, org.springframework.boot.test.mock.mockito.MockitoTestExecutionListener, org.springframework.boot.test.mock.mockito.ResetMocksTestExecutionListener, org.springframework.test.context.web.ServletTestExecutionListener, org.springframework.test.context.support.DirtiesContextBeforeModesTestExecutionListener, org.springframework.test.context.event.ApplicationEventsTestExecutionListener, org.springframework.test.context.support.DependencyInjectionTestExecutionListener, org.springframework.test.context.support.DirtiesContextTestExecutionListener, org.springframework.test.context.transaction.TransactionalTestExecutionListener, org.springframework.test.context.jdbc.SqlScriptsTestExecutionListener, org.springframework.test.context.event.EventPublishingTestExecutionListener]
22:08:48.985 [Test worker] INFO org.springframework.boot.test.context.SpringBootTestContextBootstrapper - Using TestExecutionListeners: [org.springframework.test.context.web.ServletTestExecutionListener@5bab16c8, org.springframework.test.context.support.DirtiesContextBeforeModesTestExecutionListener@5c125885, org.springframework.test.context.event.ApplicationEventsTestExecutionListener@71c5ff4d, org.springframework.boot.test.mock.mockito.MockitoTestExecutionListener@2479042f, org.springframework.boot.test.autoconfigure.SpringBootDependencyInjectionTestExecutionListener@27e74b3e, org.springframework.test.context.support.DirtiesContextTestExecutionListener@697ff937, org.springframework.test.context.transaction.TransactionalTestExecutionListener@371e4cc2, org.springframework.test.context.jdbc.SqlScriptsTestExecutionListener@5baa7e72, org.springframework.test.context.event.EventPublishingTestExecutionListener@46897082, org.springframework.boot.test.autoconfigure.restdocs.RestDocsTestExecutionListener@50299f25, org.springframework.boot.test.autoconfigure.web.client.MockRestServiceServerResetTestExecutionListener@1514a1be, org.springframework.boot.test.autoconfigure.web.servlet.MockMvcPrintOnlyOnFailureTestExecutionListener@1d450480, org.springframework.boot.test.autoconfigure.web.servlet.WebDriverTestExecutionListener@10c57aca, org.springframework.boot.test.autoconfigure.webservices.client.MockWebServiceServerTestExecutionListener@c891f40, org.springframework.boot.test.mock.mockito.ResetMocksTestExecutionListener@3ca0463e]
22:08:48.989 [Test worker] DEBUG org.springframework.test.context.support.AbstractDirtiesContextTestExecutionListener - Before test class: context [DefaultTestContext@1c439f62 testClass = AssignmentApplicationTests, testInstance = [null], testMethod = [null], testException = [null], mergedContextConfiguration = [WebMergedContextConfiguration@398fa4f3 testClass = AssignmentApplicationTests, locations = '{}', classes = '{class com.campaign.assignment.AssignmentApplication}', contextInitializerClasses = '[]', activeProfiles = '{}', propertySourceLocations = '{}', propertySourceProperties = '{org.springframework.boot.test.context.SpringBootTestContextBootstrapper=true}', contextCustomizers = set[org.springframework.boot.test.autoconfigure.actuate.metrics.MetricsExportContextCustomizerFactory$DisableMetricExportContextCustomizer@47fa0d02, org.springframework.boot.test.autoconfigure.properties.PropertyMappingContextCustomizer@0, org.springframework.boot.test.autoconfigure.web.servlet.WebDriverContextCustomizerFactory$Customizer@58957592, org.springframework.boot.test.context.filter.ExcludeFilterContextCustomizer@2909951d, org.springframework.boot.test.json.DuplicateJsonObjectContextCustomizerFactory$DuplicateJsonObjectContextCustomizer@15ddc710, org.springframework.boot.test.mock.mockito.MockitoContextCustomizer@0, org.springframework.boot.test.web.client.TestRestTemplateContextCustomizer@6718c63f, org.springframework.boot.test.context.SpringBootTestArgs@1, org.springframework.boot.test.context.SpringBootTestWebEnvironment@1b5e5a19], resourceBasePath = 'src/main/webapp', contextLoader = 'org.springframework.boot.test.context.SpringBootContextLoader', parent = [null]], attributes = map['org.springframework.test.context.web.ServletTestExecutionListener.activateListener' -> true]], class annotated with @DirtiesContext [false] with mode [null].
22:08:49.021 [Test worker] DEBUG org.springframework.test.context.support.TestPropertySourceUtils - Adding inlined properties to environment: {spring.jmx.enabled=false, org.springframework.boot.test.context.SpringBootTestContextBootstrapper=true}

  .   ____          _            __ _ _
 /\\ / ___'_ __ _ _(_)_ __  __ _ \ \ \ \
( ( )\___ | '_ | '_| | '_ \/ _` | \ \ \ \
 \\/  ___)| |_)| | | | | || (_| |  ) ) ) )
  '  |____| .__|_| |_|_| |_\__, | / / / /
 =========|_|==============|___/=/_/_/_/
 :: Spring Boot ::                (v2.4.3)

2021-02-25 22:08:49.273  INFO 35904 --- [    Test worker] c.c.a.AssignmentApplicationTests         : Starting AssignmentApplicationTests using Java 13.0.2 on Bassems-MBP.lan with PID 35904 (started by bassemelsawy in /Users/bassemelsawy/Documents/campaignAssignment)
2021-02-25 22:08:49.277  INFO 35904 --- [    Test worker] c.c.a.AssignmentApplicationTests         : No active profile set, falling back to default profiles: default
2021-02-25 22:08:50.396  INFO 35904 --- [    Test worker] o.s.s.concurrent.ThreadPoolTaskExecutor  : Initializing ExecutorService 'applicationTaskExecutor'
2021-02-25 22:08:50.596  INFO 35904 --- [    Test worker] com.zaxxer.hikari.HikariDataSource       : HikariPool-1 - Starting...
2021-02-25 22:08:50.723  INFO 35904 --- [    Test worker] com.zaxxer.hikari.HikariDataSource       : HikariPool-1 - Start completed.
2021-02-25 22:08:50.797  INFO 35904 --- [    Test worker] o.s.b.c.r.s.JobRepositoryFactoryBean     : No database type set, using meta data indicating: H2
2021-02-25 22:08:50.811  INFO 35904 --- [    Test worker] o.s.b.c.l.support.SimpleJobLauncher      : No TaskExecutor has been set, defaulting to synchronous executor.
2021-02-25 22:08:50.913  INFO 35904 --- [    Test worker] c.c.a.AssignmentApplicationTests         : Started AssignmentApplicationTests in 1.88 seconds (JVM running for 2.905)
2021-02-25 22:08:50.914  INFO 35904 --- [    Test worker] o.s.b.a.b.JobLauncherApplicationRunner   : Running default command line with: []
2021-02-25 22:08:50.964  INFO 35904 --- [    Test worker] o.s.b.c.l.support.SimpleJobLauncher      : Job: [FlowJob: [name=importUserJob]] launched with the following parameters: [{run.id=1}]
2021-02-25 22:08:50.988  INFO 35904 --- [    Test worker] o.s.batch.core.job.SimpleStepHandler     : Executing step: [step1]
2021-02-25 22:08:51.013  INFO 35904 --- [    Test worker] o.s.batch.core.step.AbstractStep         : Step: [step1] executed in 25ms
2021-02-25 22:08:51.018  INFO 35904 --- [    Test worker] o.s.b.c.l.support.SimpleJobLauncher      : Job: [FlowJob: [name=importUserJob]] completed with the following parameters: [{run.id=1}] and the following status: [COMPLETED] in 37ms
]]></system-out>
  <system-err><![CDATA[]]></system-err>
</testsuite>
