<?xml version="1.0" encoding="UTF-8"?>
<testsuite name="com.campaign.assignment.AssignmentApplicationTests" tests="1" skipped="0" failures="0" errors="0" timestamp="2021-02-26T10:12:50" hostname="Bassems-MBP.lan" time="0.003">
  <properties/>
  <testcase name="contextLoads()" classname="com.campaign.assignment.AssignmentApplicationTests" time="0.003"/>
  <system-out><![CDATA[2021-02-26 04:12:50.851  INFO 41745 --- [    Test worker] .b.t.c.SpringBootTestContextBootstrapper : Neither @ContextConfiguration nor @ContextHierarchy found for test class [com.campaign.assignment.AssignmentApplicationTests], using SpringBootContextLoader
2021-02-26 04:12:50.853  INFO 41745 --- [    Test worker] o.s.t.c.support.AbstractContextLoader    : Could not detect default resource locations for test class [com.campaign.assignment.AssignmentApplicationTests]: no resource found for suffixes {-context.xml, Context.groovy}.
2021-02-26 04:12:50.853  INFO 41745 --- [    Test worker] t.c.s.AnnotationConfigContextLoaderUtils : Could not detect default configuration classes for test class [com.campaign.assignment.AssignmentApplicationTests]: AssignmentApplicationTests does not declare any static, non-private, non-final, nested classes annotated with @Configuration.
2021-02-26 04:12:50.856  INFO 41745 --- [    Test worker] .b.t.c.SpringBootTestContextBootstrapper : Found @SpringBootConfiguration com.campaign.assignment.AssignmentApplication for test class com.campaign.assignment.AssignmentApplicationTests
2021-02-26 04:12:50.858  INFO 41745 --- [    Test worker] .b.t.c.SpringBootTestContextBootstrapper : Loaded default TestExecutionListener class names from location [META-INF/spring.factories]: [org.springframework.boot.test.autoconfigure.restdocs.RestDocsTestExecutionListener, org.springframework.boot.test.autoconfigure.web.client.MockRestServiceServerResetTestExecutionListener, org.springframework.boot.test.autoconfigure.web.servlet.MockMvcPrintOnlyOnFailureTestExecutionListener, org.springframework.boot.test.autoconfigure.web.servlet.WebDriverTestExecutionListener, org.springframework.boot.test.autoconfigure.webservices.client.MockWebServiceServerTestExecutionListener, org.springframework.boot.test.mock.mockito.MockitoTestExecutionListener, org.springframework.boot.test.mock.mockito.ResetMocksTestExecutionListener, org.springframework.test.context.web.ServletTestExecutionListener, org.springframework.test.context.support.DirtiesContextBeforeModesTestExecutionListener, org.springframework.test.context.event.ApplicationEventsTestExecutionListener, org.springframework.test.context.support.DependencyInjectionTestExecutionListener, org.springframework.test.context.support.DirtiesContextTestExecutionListener, org.springframework.test.context.transaction.TransactionalTestExecutionListener, org.springframework.test.context.jdbc.SqlScriptsTestExecutionListener, org.springframework.test.context.event.EventPublishingTestExecutionListener]
2021-02-26 04:12:50.858  INFO 41745 --- [    Test worker] .b.t.c.SpringBootTestContextBootstrapper : Using TestExecutionListeners: [org.springframework.test.context.web.ServletTestExecutionListener@62ec9b00, org.springframework.test.context.support.DirtiesContextBeforeModesTestExecutionListener@fc70f7, org.springframework.test.context.event.ApplicationEventsTestExecutionListener@4002b302, org.springframework.boot.test.mock.mockito.MockitoTestExecutionListener@562cc894, org.springframework.boot.test.autoconfigure.SpringBootDependencyInjectionTestExecutionListener@501e6dca, org.springframework.test.context.support.DirtiesContextTestExecutionListener@3386d4f6, org.springframework.test.context.transaction.TransactionalTestExecutionListener@6649fb27, org.springframework.test.context.jdbc.SqlScriptsTestExecutionListener@5611e712, org.springframework.test.context.event.EventPublishingTestExecutionListener@75c2b027, org.springframework.boot.test.autoconfigure.restdocs.RestDocsTestExecutionListener@7066fb0d, org.springframework.boot.test.autoconfigure.web.client.MockRestServiceServerResetTestExecutionListener@595fb6e5, org.springframework.boot.test.autoconfigure.web.servlet.MockMvcPrintOnlyOnFailureTestExecutionListener@2fe3ab, org.springframework.boot.test.autoconfigure.web.servlet.WebDriverTestExecutionListener@600c2801, org.springframework.boot.test.autoconfigure.webservices.client.MockWebServiceServerTestExecutionListener@2775099e, org.springframework.boot.test.mock.mockito.ResetMocksTestExecutionListener@3396b0b]
]]></system-out>
  <system-err><![CDATA[]]></system-err>
</testsuite>
